<?xml version="1.0" encoding="utf-8"?><testsuites name="pytest tests"><testsuite name="pytest" errors="0" failures="0" skipped="0" tests="53" time="79.783" timestamp="2026-06-29T07:45:58.992231+00:00" hostname="agent-env-66050659-e5d3-46ea-8b19-e9b296b702a2"><testcase classname="tests.backend_test.TestAuth" name="test_super_admin_login" time="0.395" /><testcase classname="tests.backend_test.TestAuth" name="test_admin_login" time="0.325" /><testcase classname="tests.backend_test.TestAuth" name="test_auth_me" time="0.419" /><testcase classname="tests.backend_test.TestAuth" name="test_auth_me_no_token" time="0.101" /><testcase classname="tests.backend_test.TestAuth" name="test_register_customer" time="0.316" /><testcase classname="tests.backend_test.TestAuth" name="test_register_duplicate" time="0.425" /><testcase classname="tests.backend_test.TestAuth" name="test_brute_force_lockout" time="0.328" /><testcase classname="tests.backend_test.TestBooks" name="test_list_books_seed_count" time="0.108" /><testcase classname="tests.backend_test.TestBooks" name="test_books_filter_by_type_workbook" time="0.113" /><testcase classname="tests.backend_test.TestBooks" name="test_books_filter_by_type_manual" time="0.120" /><testcase classname="tests.backend_test.TestBooks" name="test_books_search_q" time="0.144" /><testcase classname="tests.backend_test.TestBooks" name="test_books_filter_by_subject" time="0.144" /><testcase classname="tests.backend_test.TestBooks" name="test_books_filter_school_grade" time="0.186" /><testcase classname="tests.backend_test.TestGeography" name="test_municipalities_count" time="0.095" /><testcase classname="tests.backend_test.TestGeography" name="test_schools_filter" time="0.138" /><testcase classname="tests.backend_test.TestGeography" name="test_grade_levels" time="0.093" /><testcase classname="tests.backend_test.TestGeography" name="test_import_school_books_updates_school_grades" time="0.693" /><testcase classname="tests.backend_test.TestPartners" name="test_partners_seed" time="0.094" /><testcase classname="tests.backend_test.TestCart" name="test_cart_discount_only_on_workbooks" time="0.199" /><testcase classname="tests.backend_test.TestCart" name="test_cart_lamination_adds_to_manual" time="0.150" /><testcase classname="tests.backend_test.TestPostcode" name="test_aveiro_postcode_ok" time="0.095" /><testcase classname="tests.backend_test.TestPostcode" name="test_non_aveiro_postcode" time="0.096" /><testcase classname="tests.backend_test.TestOrders" name="test_create_order_and_fetch" time="0.228" /><testcase classname="tests.backend_test.TestOrders" name="test_create_order_hand_delivery_outside_aveiro" time="0.195" /><testcase classname="tests.backend_test.TestVouchers" name="test_submit_voucher_public" time="0.096" /><testcase classname="tests.backend_test.TestVouchers" name="test_admin_list_and_update_voucher" time="0.282" /><testcase classname="tests.backend_test.TestAdminBooks" name="test_create_update_delete_book" time="0.515" /><testcase classname="tests.backend_test.TestAdminPanel" name="test_dashboard" time="68.431" /><testcase classname="tests.backend_test.TestAdminPanel" name="test_admin_users_forbidden_for_standard" time="0.168" /><testcase classname="tests.backend_test.TestAdminPanel" name="test_admin_users_allowed_for_super" time="0.097" /><testcase classname="tests.backend_test.TestAdminPanel" name="test_activity_logs" time="0.097" /><testcase classname="tests.backend_test.TestAdminPanel" name="test_settings_lamination_price_persists" time="0.354" /><testcase classname="tests.backend_test.TestWishlist" name="test_wishlist_crud" time="0.490" /><testcase classname="tests.test_v2_features.TestMunicipalities" name="test_19_aveiro_municipalities" time="0.107" /><testcase classname="tests.test_v2_features.TestSchoolsGradeFilter" name="test_schools_total_count" time="0.109" /><testcase classname="tests.test_v2_features.TestSchoolsGradeFilter" name="test_aveiro_grade_4_returns_only_eb1" time="0.147" /><testcase classname="tests.test_v2_features.TestSchoolsGradeFilter" name="test_aveiro_grade_10_returns_only_secondary" time="0.136" /><testcase classname="tests.test_v2_features.TestSEO" name="test_sitemap_xml" time="0.126" /><testcase classname="tests.test_v2_features.TestSEO" name="test_robots_txt_frontend_static" time="0.092" /><testcase classname="tests.test_v2_features.TestSEO" name="test_seo_tracking_default" time="0.097" /><testcase classname="tests.test_v2_features.TestSEO" name="test_seo_tracking_persists_after_settings_update" time="0.285" /><testcase classname="tests.test_v2_features.TestVoucherUpload" name="test_upload_valid_pdf_creates_voucher" time="0.099" /><testcase classname="tests.test_v2_features.TestVoucherUpload" name="test_upload_rejects_non_pdf" time="0.097" /><testcase classname="tests.test_v2_features.TestVoucherUpload" name="test_upload_rejects_oversize" time="0.588" /><testcase classname="tests.test_v2_features.TestVoucherUpload" name="test_admin_voucher_pdf_requires_auth" time="0.293" /><testcase classname="tests.test_v2_features.TestPostcodeAveiroExpanded" name="test_postcode_3800_aveiro" time="0.105" /><testcase classname="tests.test_v2_features.TestPostcodeAveiroExpanded" name="test_postcode_3700_oliveira_azemeis" time="0.101" /><testcase classname="tests.test_v2_features.TestPostcodeAveiroExpanded" name="test_postcode_lisbon_blocked" time="0.102" /><testcase classname="tests.test_v2_features.TestOrdersHandDelivery" name="test_order_hand_delivery_3700_ok" time="0.142" /><testcase classname="tests.test_v2_features.TestOrdersHandDelivery" name="test_order_hand_delivery_1000_blocked" time="0.137" /><testcase classname="tests.test_v2_features.TestAdminMisc" name="test_enrich_covers_runs" time="0.826" /><testcase classname="tests.test_v2_features.TestAdminMisc" name="test_partners_have_logo_and_promo" time="0.092" /><testcase classname="tests.test_v2_features.TestAdminMisc" name="test_auth_me_admin" time="0.091" /></testsuite></testsuites>