<?xml version="1.0" encoding="utf-8"?><testsuites name="pytest tests"><testsuite name="pytest" errors="0" failures="0" skipped="0" tests="19" time="3.247" timestamp="2026-07-24T19:33:14.491283+00:00" hostname="agent-env-66050659-e5d3-46ea-8b19-e9b296b702a2"><testcase classname="tests.test_iter3_features.TestExportBooks" name="test_export_requires_auth" time="0.142" /><testcase classname="tests.test_iter3_features.TestExportBooks" name="test_export_books_xlsx" time="0.812" /><testcase classname="tests.test_iter3_features.TestLinksImport" name="test_import_links_requires_auth" time="0.107" /><testcase classname="tests.test_iter3_features.TestLinksImport" name="test_import_links_empty_sheet" time="0.251" /><testcase classname="tests.test_iter3_features.TestLinksImport" name="test_import_links_bad_rows_are_skipped" time="0.137" /><testcase classname="tests.test_iter3_features.TestRelatedWorkbooks" name="test_related_empty_items" time="0.118" /><testcase classname="tests.test_iter3_features.TestRelatedWorkbooks" name="test_related_no_link" time="0.178" /><testcase classname="tests.test_iter3_features.TestAdoptionsPublic" name="test_concelhos_never_500" time="0.118" /><testcase classname="tests.test_iter3_features.TestAdoptionsPublic" name="test_schools_requires_concelho" time="0.143" /><testcase classname="tests.test_iter3_features.TestAdoptionsPublic" name="test_grades_smoke" time="0.099" /><testcase classname="tests.test_iter3_features.TestAdoptionsPublic" name="test_books_smoke" time="0.106" /><testcase classname="tests.test_iter3_features.TestSiteFunctional" name="test_public_endpoints[/api/books?limit=1]" time="0.099" /><testcase classname="tests.test_iter3_features.TestSiteFunctional" name="test_public_endpoints[/api/schools]" time="0.120" /><testcase classname="tests.test_iter3_features.TestSiteFunctional" name="test_public_endpoints[/api/municipalities]" time="0.096" /><testcase classname="tests.test_iter3_features.TestSiteFunctional" name="test_public_endpoints[/api/partners]" time="0.101" /><testcase classname="tests.test_iter3_features.TestSiteFunctional" name="test_public_endpoints[/api/grade-levels]" time="0.093" /><testcase classname="tests.test_iter3_features.TestSiteFunctional" name="test_public_endpoints[/api/postcode/check?code=3800]" time="0.108" /><testcase classname="tests.test_iter3_features.TestSiteFunctional" name="test_admin_dashboard" time="0.098" /><testcase classname="tests.test_iter3_features.TestSiteFunctional" name="test_book_count_572" time="0.100" /></testsuite></testsuites>