<?xml version="1.0" encoding="utf-8"?><testsuites name="pytest tests"><testsuite name="pytest" errors="0" failures="1" skipped="0" tests="32" time="5.673" timestamp="2026-06-25T20:35:12.127792+00:00" hostname="agent-env-66050659-e5d3-46ea-8b19-e9b296b702a2"><testcase classname="tests.backend_test.TestBooks" name="test_list_books_seed_count" time="0.197" /><testcase classname="tests.backend_test.TestAuth" name="test_super_admin_login" time="0.466" /><testcase classname="tests.backend_test.TestBooks" name="test_books_filter_by_type_workbook" time="0.247" /><testcase classname="tests.backend_test.TestBooks" name="test_books_filter_by_type_manual" time="0.131" /><testcase classname="tests.backend_test.TestAuth" name="test_admin_login" time="0.355" /><testcase classname="tests.backend_test.TestBooks" name="test_books_search_q" time="0.287" /><testcase classname="tests.backend_test.TestBooks" name="test_books_filter_by_subject" time="0.330" /><testcase classname="tests.backend_test.TestAuth" name="test_auth_me" time="0.452" /><testcase classname="tests.backend_test.TestBooks" name="test_books_filter_school_grade" time="0.200" /><testcase classname="tests.backend_test.TestAuth" name="test_auth_me_no_token" time="0.119" /><testcase classname="tests.backend_test.TestAuth" name="test_register_customer" time="0.334" /><testcase classname="tests.backend_test.TestAdminPanel" name="test_dashboard" time="0.832" /><testcase classname="tests.backend_test.TestAuth" name="test_register_duplicate" time="0.603" /><testcase classname="tests.backend_test.TestAdminPanel" name="test_admin_users_forbidden_for_standard" time="0.101" /><testcase classname="tests.backend_test.TestAuth" name="test_brute_force_lockout" time="0.607"><failure message="AssertionError: Expected lockout 429, got 401: {&quot;detail&quot;:&quot;Credenciais inválidas&quot;}&#10;assert 401 == 429&#10; +  where 401 = &lt;Response [401]&gt;.status_code">tests/backend_test.py:68: in test_brute_force_lockout
    assert r.status_code == 429, f"Expected lockout 429, got {r.status_code}: {r.text}"
E   AssertionError: Expected lockout 429, got 401: {"detail":"Credenciais inválidas"}
E   assert 401 == 429
E    +  where 401 = &lt;Response [401]&gt;.status_code</failure></testcase><testcase classname="tests.backend_test.TestAdminPanel" name="test_admin_users_allowed_for_super" time="0.423" /><testcase classname="tests.backend_test.TestAdminPanel" name="test_activity_logs" time="0.103" /><testcase classname="tests.backend_test.TestAdminPanel" name="test_settings_lamination_price_persists" time="0.473" /><testcase classname="tests.backend_test.TestGeography" name="test_municipalities_count" time="0.102" /><testcase classname="tests.backend_test.TestGeography" name="test_schools_filter" time="0.191" /><testcase classname="tests.backend_test.TestGeography" name="test_grade_levels" time="0.122" /><testcase classname="tests.backend_test.TestCart" name="test_cart_discount_only_on_workbooks" time="0.194" /><testcase classname="tests.backend_test.TestPostcode" name="test_aveiro_postcode_ok" time="0.150" /><testcase classname="tests.backend_test.TestCart" name="test_cart_lamination_adds_to_manual" time="0.180" /><testcase classname="tests.backend_test.TestPostcode" name="test_non_aveiro_postcode" time="0.102" /><testcase classname="tests.backend_test.TestVouchers" name="test_submit_voucher_public" time="0.153" /><testcase classname="tests.backend_test.TestOrders" name="test_create_order_and_fetch" time="0.191" /><testcase classname="tests.backend_test.TestOrders" name="test_create_order_hand_delivery_outside_aveiro" time="0.274" /><testcase classname="tests.backend_test.TestVouchers" name="test_admin_list_and_update_voucher" time="0.712" /><testcase classname="tests.backend_test.TestAdminBooks" name="test_create_update_delete_book" time="0.681" /><testcase classname="tests.backend_test.TestPartners" name="test_partners_seed" time="0.107" /><testcase classname="tests.backend_test.TestWishlist" name="test_wishlist_crud" time="0.579" /></testsuite></testsuites>